[INFO  - 2018-09-27T06:07:35.795Z] GhostDriver - Main - running on port 1250
[INFO  - 2018-09-27T06:07:37.970Z] Session [a26b80e0-c21b-11e8-85bc-8395f6db53c6] - page.settings - {"XSSAuditingEnabled":false,"javascriptCanCloseWindows":true,"javascriptCanOpenWindows":true,"javascriptEnabled":true,"loadImages":true,"localToRemoteUrlAccessEnabled":false,"userAgent":"Mozilla/5.0 (Windows NT 6.2; WOW64) AppleWebKit/538.1 (KHTML, like Gecko) PhantomJS/2.1.1 Safari/538.1","webSecurityEnabled":true}
[INFO  - 2018-09-27T06:07:37.970Z] Session [a26b80e0-c21b-11e8-85bc-8395f6db53c6] - page.customHeaders:  - {}
[INFO  - 2018-09-27T06:07:37.970Z] Session [a26b80e0-c21b-11e8-85bc-8395f6db53c6] - Session.negotiatedCapabilities - {"browserName":"phantomjs","version":"2.1.1","driverName":"ghostdriver","driverVersion":"1.2.0","platform":"windows-10-32bit","javascriptEnabled":true,"takesScreenshot":true,"handlesAlerts":false,"databaseEnabled":false,"locationContextEnabled":false,"applicationCacheEnabled":false,"browserConnectionEnabled":false,"cssSelectorsEnabled":true,"webStorageEnabled":false,"rotatable":false,"acceptSslCerts":false,"nativeEvents":true,"proxy":{"proxyType":"direct"}}
[INFO  - 2018-09-27T06:07:37.970Z] SessionManagerReqHand - _postNewSessionCommand - New Session Created: a26b80e0-c21b-11e8-85bc-8395f6db53c6
[ERROR - 2018-09-27T06:07:38.504Z] Session [a26b80e0-c21b-11e8-85bc-8395f6db53c6] - page.onError - msg: TypeError: 1538028458419 is not a constructor (evaluating 'time()')

  phantomjs://platform/console++.js:263 in error
[ERROR - 2018-09-27T06:07:38.504Z] Session [a26b80e0-c21b-11e8-85bc-8395f6db53c6] - page.onError - stack:
  jd5LRPNIsYyP1iTgrLKVFXBNys5DKMH9PN (http://cdn.jandan.net/static/min/91798e4c623fa60181a31d543488217eRi4hG4o3.19100001.js:1)
  jandan_load_img (http://cdn.jandan.net/static/min/91798e4c623fa60181a31d543488217eRi4hG4o3.19100001.js:1)
  onload (http://jandan.net/ooxx/page-1:256)

  phantomjs://platform/console++.js:263 in error
[ERROR - 2018-09-27T06:07:38.505Z] Session [a26b80e0-c21b-11e8-85bc-8395f6db53c6] - page.onError - msg: TypeError: 1538028458419 is not a constructor (evaluating 'time()')

  phantomjs://platform/console++.js:263 in error
[ERROR - 2018-09-27T06:07:38.505Z] Session [a26b80e0-c21b-11e8-85bc-8395f6db53c6] - page.onError - stack:
  jd5LRPNIsYyP1iTgrLKVFXBNys5DKMH9PN (http://cdn.jandan.net/static/min/91798e4c623fa60181a31d543488217eRi4hG4o3.19100001.js:1)
  jandan_load_img (http://cdn.jandan.net/static/min/91798e4c623fa60181a31d543488217eRi4hG4o3.19100001.js:1)
  onload (http://jandan.net/ooxx/page-1:350)

  phantomjs://platform/console++.js:263 in error
[ERROR - 2018-09-27T06:07:38.505Z] Session [a26b80e0-c21b-11e8-85bc-8395f6db53c6] - page.onError - msg: TypeError: 1538028458419 is not a constructor (evaluating 'time()')

  phantomjs://platform/console++.js:263 in error
[ERROR - 2018-09-27T06:07:38.505Z] Session [a26b80e0-c21b-11e8-85bc-8395f6db53c6] - page.onError - stack:
  jd5LRPNIsYyP1iTgrLKVFXBNys5DKMH9PN (http://cdn.jandan.net/static/min/91798e4c623fa60181a31d543488217eRi4hG4o3.19100001.js:1)
  jandan_load_img (http://cdn.jandan.net/static/min/91798e4c623fa60181a31d543488217eRi4hG4o3.19100001.js:1)
  onload (http://jandan.net/ooxx/page-1:410)

  phantomjs://platform/console++.js:263 in error
[ERROR - 2018-09-27T06:07:38.505Z] Session [a26b80e0-c21b-11e8-85bc-8395f6db53c6] - page.onError - msg: TypeError: 1538028458419 is not a constructor (evaluating 'time()')

  phantomjs://platform/console++.js:263 in error
[ERROR - 2018-09-27T06:07:38.506Z] Session [a26b80e0-c21b-11e8-85bc-8395f6db53c6] - page.onError - stack:
  jd5LRPNIsYyP1iTgrLKVFXBNys5DKMH9PN (http://cdn.jandan.net/static/min/91798e4c623fa60181a31d543488217eRi4hG4o3.19100001.js:1)
  jandan_load_img (http://cdn.jandan.net/static/min/91798e4c623fa60181a31d543488217eRi4hG4o3.19100001.js:1)
  onload (http://jandan.net/ooxx/page-1:620)

  phantomjs://platform/console++.js:263 in error
[ERROR - 2018-09-27T06:07:38.506Z] Session [a26b80e0-c21b-11e8-85bc-8395f6db53c6] - page.onError - msg: TypeError: 1538028458419 is not a constructor (evaluating 'time()')

  phantomjs://platform/console++.js:263 in error
[ERROR - 2018-09-27T06:07:38.506Z] Session [a26b80e0-c21b-11e8-85bc-8395f6db53c6] - page.onError - stack:
  jd5LRPNIsYyP1iTgrLKVFXBNys5DKMH9PN (http://cdn.jandan.net/static/min/91798e4c623fa60181a31d543488217eRi4hG4o3.19100001.js:1)
  jandan_load_img (http://cdn.jandan.net/static/min/91798e4c623fa60181a31d543488217eRi4hG4o3.19100001.js:1)
  onload (http://jandan.net/ooxx/page-1:920)

  phantomjs://platform/console++.js:263 in error
[ERROR - 2018-09-27T06:07:38.506Z] Session [a26b80e0-c21b-11e8-85bc-8395f6db53c6] - page.onError - msg: TypeError: 1538028458419 is not a constructor (evaluating 'time()')

  phantomjs://platform/console++.js:263 in error
[ERROR - 2018-09-27T06:07:38.506Z] Session [a26b80e0-c21b-11e8-85bc-8395f6db53c6] - page.onError - stack:
  jd5LRPNIsYyP1iTgrLKVFXBNys5DKMH9PN (http://cdn.jandan.net/static/min/91798e4c623fa60181a31d543488217eRi4hG4o3.19100001.js:1)
  jandan_load_img (http://cdn.jandan.net/static/min/91798e4c623fa60181a31d543488217eRi4hG4o3.19100001.js:1)
  onload (http://jandan.net/ooxx/page-1:770)

  phantomjs://platform/console++.js:263 in error
[ERROR - 2018-09-27T06:07:38.506Z] Session [a26b80e0-c21b-11e8-85bc-8395f6db53c6] - page.onError - msg: TypeError: 1538028458419 is not a constructor (evaluating 'time()')

  phantomjs://platform/console++.js:263 in error
[ERROR - 2018-09-27T06:07:38.507Z] Session [a26b80e0-c21b-11e8-85bc-8395f6db53c6] - page.onError - stack:
  jd5LRPNIsYyP1iTgrLKVFXBNys5DKMH9PN (http://cdn.jandan.net/static/min/91798e4c623fa60181a31d543488217eRi4hG4o3.19100001.js:1)
  jandan_load_img (http://cdn.jandan.net/static/min/91798e4c623fa60181a31d543488217eRi4hG4o3.19100001.js:1)
  onload (http://jandan.net/ooxx/page-1:680)

  phantomjs://platform/console++.js:263 in error
[ERROR - 2018-09-27T06:07:38.507Z] Session [a26b80e0-c21b-11e8-85bc-8395f6db53c6] - page.onError - msg: TypeError: 1538028458419 is not a constructor (evaluating 'time()')

  phantomjs://platform/console++.js:263 in error
[ERROR - 2018-09-27T06:07:38.507Z] Session [a26b80e0-c21b-11e8-85bc-8395f6db53c6] - page.onError - stack:
  jd5LRPNIsYyP1iTgrLKVFXBNys5DKMH9PN (http://cdn.jandan.net/static/min/91798e4c623fa60181a31d543488217eRi4hG4o3.19100001.js:1)
  jandan_load_img (http://cdn.jandan.net/static/min/91798e4c623fa60181a31d543488217eRi4hG4o3.19100001.js:1)
  onload (http://jandan.net/ooxx/page-1:710)

  phantomjs://platform/console++.js:263 in error
[ERROR - 2018-09-27T06:07:38.507Z] Session [a26b80e0-c21b-11e8-85bc-8395f6db53c6] - page.onError - msg: TypeError: 1538028458419 is not a constructor (evaluating 'time()')

  phantomjs://platform/console++.js:263 in error
[ERROR - 2018-09-27T06:07:38.507Z] Session [a26b80e0-c21b-11e8-85bc-8395f6db53c6] - page.onError - stack:
  jd5LRPNIsYyP1iTgrLKVFXBNys5DKMH9PN (http://cdn.jandan.net/static/min/91798e4c623fa60181a31d543488217eRi4hG4o3.19100001.js:1)
  jandan_load_img (http://cdn.jandan.net/static/min/91798e4c623fa60181a31d543488217eRi4hG4o3.19100001.js:1)
  onload (http://jandan.net/ooxx/page-1:320)

  phantomjs://platform/console++.js:263 in error
[ERROR - 2018-09-27T06:07:38.507Z] Session [a26b80e0-c21b-11e8-85bc-8395f6db53c6] - page.onError - msg: TypeError: 1538028458419 is not a constructor (evaluating 'time()')

  phantomjs://platform/console++.js:263 in error
[ERROR - 2018-09-27T06:07:38.507Z] Session [a26b80e0-c21b-11e8-85bc-8395f6db53c6] - page.onError - stack:
  jd5LRPNIsYyP1iTgrLKVFXBNys5DKMH9PN (http://cdn.jandan.net/static/min/91798e4c623fa60181a31d543488217eRi4hG4o3.19100001.js:1)
  jandan_load_img (http://cdn.jandan.net/static/min/91798e4c623fa60181a31d543488217eRi4hG4o3.19100001.js:1)
  onload (http://jandan.net/ooxx/page-1:530)

  phantomjs://platform/console++.js:263 in error
[ERROR - 2018-09-27T06:07:38.508Z] Session [a26b80e0-c21b-11e8-85bc-8395f6db53c6] - page.onError - msg: TypeError: 1538028458419 is not a constructor (evaluating 'time()')

  phantomjs://platform/console++.js:263 in error
[ERROR - 2018-09-27T06:07:38.508Z] Session [a26b80e0-c21b-11e8-85bc-8395f6db53c6] - page.onError - stack:
  jd5LRPNIsYyP1iTgrLKVFXBNys5DKMH9PN (http://cdn.jandan.net/static/min/91798e4c623fa60181a31d543488217eRi4hG4o3.19100001.js:1)
  jandan_load_img (http://cdn.jandan.net/static/min/91798e4c623fa60181a31d543488217eRi4hG4o3.19100001.js:1)
  onload (http://jandan.net/ooxx/page-1:650)

  phantomjs://platform/console++.js:263 in error
[ERROR - 2018-09-27T06:07:38.508Z] Session [a26b80e0-c21b-11e8-85bc-8395f6db53c6] - page.onError - msg: TypeError: 1538028458419 is not a constructor (evaluating 'time()')

  phantomjs://platform/console++.js:263 in error
[ERROR - 2018-09-27T06:07:38.508Z] Session [a26b80e0-c21b-11e8-85bc-8395f6db53c6] - page.onError - stack:
  jd5LRPNIsYyP1iTgrLKVFXBNys5DKMH9PN (http://cdn.jandan.net/static/min/91798e4c623fa60181a31d543488217eRi4hG4o3.19100001.js:1)
  jandan_load_img (http://cdn.jandan.net/static/min/91798e4c623fa60181a31d543488217eRi4hG4o3.19100001.js:1)
  onload (http://jandan.net/ooxx/page-1:800)

  phantomjs://platform/console++.js:263 in error
[ERROR - 2018-09-27T06:07:38.508Z] Session [a26b80e0-c21b-11e8-85bc-8395f6db53c6] - page.onError - msg: TypeError: 1538028458419 is not a constructor (evaluating 'time()')

  phantomjs://platform/console++.js:263 in error
[ERROR - 2018-09-27T06:07:38.508Z] Session [a26b80e0-c21b-11e8-85bc-8395f6db53c6] - page.onError - stack:
  jd5LRPNIsYyP1iTgrLKVFXBNys5DKMH9PN (http://cdn.jandan.net/static/min/91798e4c623fa60181a31d543488217eRi4hG4o3.19100001.js:1)
  jandan_load_img (http://cdn.jandan.net/static/min/91798e4c623fa60181a31d543488217eRi4hG4o3.19100001.js:1)
  onload (http://jandan.net/ooxx/page-1:830)

  phantomjs://platform/console++.js:263 in error
[ERROR - 2018-09-27T06:07:38.509Z] Session [a26b80e0-c21b-11e8-85bc-8395f6db53c6] - page.onError - msg: TypeError: 1538028458419 is not a constructor (evaluating 'time()')

  phantomjs://platform/console++.js:263 in error
[ERROR - 2018-09-27T06:07:38.509Z] Session [a26b80e0-c21b-11e8-85bc-8395f6db53c6] - page.onError - stack:
  jd5LRPNIsYyP1iTgrLKVFXBNys5DKMH9PN (http://cdn.jandan.net/static/min/91798e4c623fa60181a31d543488217eRi4hG4o3.19100001.js:1)
  jandan_load_img (http://cdn.jandan.net/static/min/91798e4c623fa60181a31d543488217eRi4hG4o3.19100001.js:1)
  onload (http://jandan.net/ooxx/page-1:860)

  phantomjs://platform/console++.js:263 in error
[ERROR - 2018-09-27T06:07:38.509Z] Session [a26b80e0-c21b-11e8-85bc-8395f6db53c6] - page.onError - msg: TypeError: 1538028458419 is not a constructor (evaluating 'time()')

  phantomjs://platform/console++.js:263 in error
[ERROR - 2018-09-27T06:07:38.509Z] Session [a26b80e0-c21b-11e8-85bc-8395f6db53c6] - page.onError - stack:
  jd5LRPNIsYyP1iTgrLKVFXBNys5DKMH9PN (http://cdn.jandan.net/static/min/91798e4c623fa60181a31d543488217eRi4hG4o3.19100001.js:1)
  jandan_load_img (http://cdn.jandan.net/static/min/91798e4c623fa60181a31d543488217eRi4hG4o3.19100001.js:1)
  onload (http://jandan.net/ooxx/page-1:590)

  phantomjs://platform/console++.js:263 in error
[ERROR - 2018-09-27T06:07:38.509Z] Session [a26b80e0-c21b-11e8-85bc-8395f6db53c6] - page.onError - msg: TypeError: 1538028458419 is not a constructor (evaluating 'time()')

  phantomjs://platform/console++.js:263 in error
[ERROR - 2018-09-27T06:07:38.509Z] Session [a26b80e0-c21b-11e8-85bc-8395f6db53c6] - page.onError - stack:
  jd5LRPNIsYyP1iTgrLKVFXBNys5DKMH9PN (http://cdn.jandan.net/static/min/91798e4c623fa60181a31d543488217eRi4hG4o3.19100001.js:1)
  jandan_load_img (http://cdn.jandan.net/static/min/91798e4c623fa60181a31d543488217eRi4hG4o3.19100001.js:1)
  onload (http://jandan.net/ooxx/page-1:740)

  phantomjs://platform/console++.js:263 in error
[ERROR - 2018-09-27T06:07:38.510Z] Session [a26b80e0-c21b-11e8-85bc-8395f6db53c6] - page.onError - msg: TypeError: 1538028458419 is not a constructor (evaluating 'time()')

  phantomjs://platform/console++.js:263 in error
[ERROR - 2018-09-27T06:07:38.510Z] Session [a26b80e0-c21b-11e8-85bc-8395f6db53c6] - page.onError - stack:
  jd5LRPNIsYyP1iTgrLKVFXBNys5DKMH9PN (http://cdn.jandan.net/static/min/91798e4c623fa60181a31d543488217eRi4hG4o3.19100001.js:1)
  jandan_load_img (http://cdn.jandan.net/static/min/91798e4c623fa60181a31d543488217eRi4hG4o3.19100001.js:1)
  onload (http://jandan.net/ooxx/page-1:950)

  phantomjs://platform/console++.js:263 in error
[ERROR - 2018-09-27T06:07:38.510Z] Session [a26b80e0-c21b-11e8-85bc-8395f6db53c6] - page.onError - msg: TypeError: 1538028458419 is not a constructor (evaluating 'time()')

  phantomjs://platform/console++.js:263 in error
[ERROR - 2018-09-27T06:07:38.510Z] Session [a26b80e0-c21b-11e8-85bc-8395f6db53c6] - page.onError - stack:
  jd5LRPNIsYyP1iTgrLKVFXBNys5DKMH9PN (http://cdn.jandan.net/static/min/91798e4c623fa60181a31d543488217eRi4hG4o3.19100001.js:1)
  jandan_load_img (http://cdn.jandan.net/static/min/91798e4c623fa60181a31d543488217eRi4hG4o3.19100001.js:1)
  onload (http://jandan.net/ooxx/page-1:500)

  phantomjs://platform/console++.js:263 in error
[ERROR - 2018-09-27T06:07:38.510Z] Session [a26b80e0-c21b-11e8-85bc-8395f6db53c6] - page.onError - msg: TypeError: 1538028458419 is not a constructor (evaluating 'time()')

  phantomjs://platform/console++.js:263 in error
[ERROR - 2018-09-27T06:07:38.510Z] Session [a26b80e0-c21b-11e8-85bc-8395f6db53c6] - page.onError - stack:
  jd5LRPNIsYyP1iTgrLKVFXBNys5DKMH9PN (http://cdn.jandan.net/static/min/91798e4c623fa60181a31d543488217eRi4hG4o3.19100001.js:1)
  jandan_load_img (http://cdn.jandan.net/static/min/91798e4c623fa60181a31d543488217eRi4hG4o3.19100001.js:1)
  onload (http://jandan.net/ooxx/page-1:226)

  phantomjs://platform/console++.js:263 in error
[ERROR - 2018-09-27T06:07:38.510Z] Session [a26b80e0-c21b-11e8-85bc-8395f6db53c6] - page.onError - msg: TypeError: 1538028458419 is not a constructor (evaluating 'time()')

  phantomjs://platform/console++.js:263 in error
[ERROR - 2018-09-27T06:07:38.510Z] Session [a26b80e0-c21b-11e8-85bc-8395f6db53c6] - page.onError - stack:
  jd5LRPNIsYyP1iTgrLKVFXBNys5DKMH9PN (http://cdn.jandan.net/static/min/91798e4c623fa60181a31d543488217eRi4hG4o3.19100001.js:1)
  jandan_load_img (http://cdn.jandan.net/static/min/91798e4c623fa60181a31d543488217eRi4hG4o3.19100001.js:1)
  onload (http://jandan.net/ooxx/page-1:890)

  phantomjs://platform/console++.js:263 in error
[ERROR - 2018-09-27T06:07:38.511Z] Session [a26b80e0-c21b-11e8-85bc-8395f6db53c6] - page.onError - msg: TypeError: 1538028458419 is not a constructor (evaluating 'time()')

  phantomjs://platform/console++.js:263 in error
[ERROR - 2018-09-27T06:07:38.511Z] Session [a26b80e0-c21b-11e8-85bc-8395f6db53c6] - page.onError - stack:
  jd5LRPNIsYyP1iTgrLKVFXBNys5DKMH9PN (http://cdn.jandan.net/static/min/91798e4c623fa60181a31d543488217eRi4hG4o3.19100001.js:1)
  jandan_load_img (http://cdn.jandan.net/static/min/91798e4c623fa60181a31d543488217eRi4hG4o3.19100001.js:1)
  onload (http://jandan.net/ooxx/page-1:470)

  phantomjs://platform/console++.js:263 in error
[ERROR - 2018-09-27T06:07:38.511Z] Session [a26b80e0-c21b-11e8-85bc-8395f6db53c6] - page.onError - msg: TypeError: 1538028458419 is not a constructor (evaluating 'time()')

  phantomjs://platform/console++.js:263 in error
[ERROR - 2018-09-27T06:07:38.511Z] Session [a26b80e0-c21b-11e8-85bc-8395f6db53c6] - page.onError - stack:
  jd5LRPNIsYyP1iTgrLKVFXBNys5DKMH9PN (http://cdn.jandan.net/static/min/91798e4c623fa60181a31d543488217eRi4hG4o3.19100001.js:1)
  jandan_load_img (http://cdn.jandan.net/static/min/91798e4c623fa60181a31d543488217eRi4hG4o3.19100001.js:1)
  onload (http://jandan.net/ooxx/page-1:286)

  phantomjs://platform/console++.js:263 in error
[ERROR - 2018-09-27T06:07:38.511Z] Session [a26b80e0-c21b-11e8-85bc-8395f6db53c6] - page.onError - msg: TypeError: 1538028458419 is not a constructor (evaluating 'time()')

  phantomjs://platform/console++.js:263 in error
[ERROR - 2018-09-27T06:07:38.511Z] Session [a26b80e0-c21b-11e8-85bc-8395f6db53c6] - page.onError - stack:
  jd5LRPNIsYyP1iTgrLKVFXBNys5DKMH9PN (http://cdn.jandan.net/static/min/91798e4c623fa60181a31d543488217eRi4hG4o3.19100001.js:1)
  jandan_load_img (http://cdn.jandan.net/static/min/91798e4c623fa60181a31d543488217eRi4hG4o3.19100001.js:1)
  onload (http://jandan.net/ooxx/page-1:440)

  phantomjs://platform/console++.js:263 in error
[ERROR - 2018-09-27T06:07:38.512Z] Session [a26b80e0-c21b-11e8-85bc-8395f6db53c6] - page.onError - msg: TypeError: 1538028458419 is not a constructor (evaluating 'time()')

  phantomjs://platform/console++.js:263 in error
[ERROR - 2018-09-27T06:07:38.512Z] Session [a26b80e0-c21b-11e8-85bc-8395f6db53c6] - page.onError - stack:
  jd5LRPNIsYyP1iTgrLKVFXBNys5DKMH9PN (http://cdn.jandan.net/static/min/91798e4c623fa60181a31d543488217eRi4hG4o3.19100001.js:1)
  jandan_load_img (http://cdn.jandan.net/static/min/91798e4c623fa60181a31d543488217eRi4hG4o3.19100001.js:1)
  onload (http://jandan.net/ooxx/page-1:560)

  phantomjs://platform/console++.js:263 in error
[ERROR - 2018-09-27T06:07:38.512Z] Session [a26b80e0-c21b-11e8-85bc-8395f6db53c6] - page.onError - msg: TypeError: 1538028458419 is not a constructor (evaluating 'time()')

  phantomjs://platform/console++.js:263 in error
[ERROR - 2018-09-27T06:07:38.512Z] Session [a26b80e0-c21b-11e8-85bc-8395f6db53c6] - page.onError - stack:
  jd5LRPNIsYyP1iTgrLKVFXBNys5DKMH9PN (http://cdn.jandan.net/static/min/91798e4c623fa60181a31d543488217eRi4hG4o3.19100001.js:1)
  jandan_load_img (http://cdn.jandan.net/static/min/91798e4c623fa60181a31d543488217eRi4hG4o3.19100001.js:1)
  onload (http://jandan.net/ooxx/page-1:380)

  phantomjs://platform/console++.js:263 in error
