2018-09-27 13:31:53 [scrapy.utils.log] INFO: Scrapy 1.5.1 started (bot: jandan)
2018-09-27 13:31:54 [scrapy.utils.log] INFO: Versions: lxml 4.2.5.0, libxml2 2.9.5, cssselect 1.0.3, parsel 1.5.0, w3lib 1.19.0, Twisted 18.7.0, Python 2.7.13 |Continuum Analytics, Inc.| (default, May 11 2017, 13:17:26) [MSC v.1500 64 bit (AMD64)], pyOpenSSL 18.0.0 (OpenSSL 1.1.0i  14 Aug 2018), cryptography 2.3.1, Platform Windows-10-10.0.17134
2018-09-27 13:31:54 [scrapy.crawler] INFO: Overridden settings: {'NEWSPIDER_MODULE': 'jandan.spiders', 'SPIDER_MODULES': ['jandan.spiders'], 'LOG_FILE': 'jandan.log', 'DOWNLOAD_DELAY': 1.5, 'BOT_NAME': 'jandan'}
2018-09-27 13:31:54 [scrapy.middleware] INFO: Enabled extensions:
['scrapy.extensions.logstats.LogStats',
 'scrapy.extensions.telnet.TelnetConsole',
 'scrapy.extensions.corestats.CoreStats']
2018-09-27 13:31:54 [scrapy.middleware] INFO: Enabled downloader middlewares:
['scrapy.downloadermiddlewares.httpauth.HttpAuthMiddleware',
 'scrapy.downloadermiddlewares.downloadtimeout.DownloadTimeoutMiddleware',
 'scrapy.downloadermiddlewares.defaultheaders.DefaultHeadersMiddleware',
 'scrapy.downloadermiddlewares.useragent.UserAgentMiddleware',
 'scrapy.downloadermiddlewares.retry.RetryMiddleware',
 'scrapy.downloadermiddlewares.redirect.MetaRefreshMiddleware',
 'scrapy.downloadermiddlewares.httpcompression.HttpCompressionMiddleware',
 'scrapy.downloadermiddlewares.redirect.RedirectMiddleware',
 'scrapy.downloadermiddlewares.cookies.CookiesMiddleware',
 'scrapy.downloadermiddlewares.httpproxy.HttpProxyMiddleware',
 'scrapy.downloadermiddlewares.stats.DownloaderStats']
2018-09-27 13:31:54 [scrapy.middleware] INFO: Enabled spider middlewares:
['scrapy.spidermiddlewares.httperror.HttpErrorMiddleware',
 'scrapy.spidermiddlewares.offsite.OffsiteMiddleware',
 'scrapy.spidermiddlewares.referer.RefererMiddleware',
 'scrapy.spidermiddlewares.urllength.UrlLengthMiddleware',
 'scrapy.spidermiddlewares.depth.DepthMiddleware']
2018-09-27 13:31:54 [scrapy.middleware] INFO: Enabled item pipelines:
['jandan.pipelines.MyJandanPipeline']
2018-09-27 13:31:54 [scrapy.core.engine] INFO: Spider opened
2018-09-27 13:31:54 [scrapy.extensions.logstats] INFO: Crawled 0 pages (at 0 pages/min), scraped 0 items (at 0 items/min)
2018-09-27 13:31:54 [scrapy.extensions.telnet] DEBUG: Telnet console listening on 127.0.0.1:6024
2018-09-27 13:31:54 [scrapy.core.engine] DEBUG: Crawled (200) <GET http://jandan.net/ooxx/page-1> (referer: None)
2018-09-27 13:31:54 [scrapy.core.engine] INFO: Closing spider (finished)
2018-09-27 13:31:54 [scrapy.statscollectors] INFO: Dumping Scrapy stats:
{'downloader/request_bytes': 228,
 'downloader/request_count': 1,
 'downloader/request_method_count/GET': 1,
 'downloader/response_bytes': 15879,
 'downloader/response_count': 1,
 'downloader/response_status_count/200': 1,
 'finish_reason': 'finished',
 'finish_time': datetime.datetime(2018, 9, 27, 5, 31, 54, 385000),
 'log_count/DEBUG': 2,
 'log_count/INFO': 7,
 'response_received_count': 1,
 'scheduler/dequeued': 1,
 'scheduler/dequeued/memory': 1,
 'scheduler/enqueued': 1,
 'scheduler/enqueued/memory': 1,
 'start_time': datetime.datetime(2018, 9, 27, 5, 31, 54, 180000)}
2018-09-27 13:31:54 [scrapy.core.engine] INFO: Spider closed (finished)
2018-09-27 13:34:08 [scrapy.utils.log] INFO: Scrapy 1.5.1 started (bot: jandan)
2018-09-27 13:34:08 [scrapy.utils.log] INFO: Versions: lxml 4.2.5.0, libxml2 2.9.5, cssselect 1.0.3, parsel 1.5.0, w3lib 1.19.0, Twisted 18.7.0, Python 2.7.13 |Continuum Analytics, Inc.| (default, May 11 2017, 13:17:26) [MSC v.1500 64 bit (AMD64)], pyOpenSSL 18.0.0 (OpenSSL 1.1.0i  14 Aug 2018), cryptography 2.3.1, Platform Windows-10-10.0.17134
2018-09-27 13:34:08 [scrapy.crawler] INFO: Overridden settings: {'NEWSPIDER_MODULE': 'jandan.spiders', 'SPIDER_MODULES': ['jandan.spiders'], 'LOG_FILE': 'jandan.log', 'DOWNLOAD_DELAY': 1.5, 'BOT_NAME': 'jandan'}
2018-09-27 13:34:08 [scrapy.middleware] INFO: Enabled extensions:
['scrapy.extensions.logstats.LogStats',
 'scrapy.extensions.telnet.TelnetConsole',
 'scrapy.extensions.corestats.CoreStats']
2018-09-27 13:34:08 [scrapy.middleware] INFO: Enabled downloader middlewares:
['scrapy.downloadermiddlewares.httpauth.HttpAuthMiddleware',
 'scrapy.downloadermiddlewares.downloadtimeout.DownloadTimeoutMiddleware',
 'scrapy.downloadermiddlewares.defaultheaders.DefaultHeadersMiddleware',
 'scrapy.downloadermiddlewares.useragent.UserAgentMiddleware',
 'scrapy.downloadermiddlewares.retry.RetryMiddleware',
 'scrapy.downloadermiddlewares.redirect.MetaRefreshMiddleware',
 'scrapy.downloadermiddlewares.httpcompression.HttpCompressionMiddleware',
 'scrapy.downloadermiddlewares.redirect.RedirectMiddleware',
 'scrapy.downloadermiddlewares.cookies.CookiesMiddleware',
 'scrapy.downloadermiddlewares.httpproxy.HttpProxyMiddleware',
 'scrapy.downloadermiddlewares.stats.DownloaderStats']
2018-09-27 13:34:08 [scrapy.middleware] INFO: Enabled spider middlewares:
['scrapy.spidermiddlewares.httperror.HttpErrorMiddleware',
 'scrapy.spidermiddlewares.offsite.OffsiteMiddleware',
 'scrapy.spidermiddlewares.referer.RefererMiddleware',
 'scrapy.spidermiddlewares.urllength.UrlLengthMiddleware',
 'scrapy.spidermiddlewares.depth.DepthMiddleware']
2018-09-27 13:34:08 [scrapy.middleware] INFO: Enabled item pipelines:
['jandan.pipelines.MyJandanPipeline']
2018-09-27 13:34:08 [scrapy.core.engine] INFO: Spider opened
2018-09-27 13:34:08 [scrapy.extensions.logstats] INFO: Crawled 0 pages (at 0 pages/min), scraped 0 items (at 0 items/min)
2018-09-27 13:34:08 [scrapy.extensions.telnet] DEBUG: Telnet console listening on 127.0.0.1:6024
2018-09-27 13:34:08 [scrapy.core.engine] DEBUG: Crawled (200) <GET http://jandan.net/ooxx/page-1> (referer: None)
2018-09-27 13:34:08 [scrapy.core.engine] INFO: Closing spider (finished)
2018-09-27 13:34:08 [scrapy.statscollectors] INFO: Dumping Scrapy stats:
{'downloader/request_bytes': 228,
 'downloader/request_count': 1,
 'downloader/request_method_count/GET': 1,
 'downloader/response_bytes': 15879,
 'downloader/response_count': 1,
 'downloader/response_status_count/200': 1,
 'finish_reason': 'finished',
 'finish_time': datetime.datetime(2018, 9, 27, 5, 34, 8, 807000),
 'log_count/DEBUG': 2,
 'log_count/INFO': 7,
 'response_received_count': 1,
 'scheduler/dequeued': 1,
 'scheduler/dequeued/memory': 1,
 'scheduler/enqueued': 1,
 'scheduler/enqueued/memory': 1,
 'start_time': datetime.datetime(2018, 9, 27, 5, 34, 8, 332000)}
2018-09-27 13:34:08 [scrapy.core.engine] INFO: Spider closed (finished)
2018-09-27 14:05:42 [scrapy.utils.log] INFO: Scrapy 1.5.1 started (bot: jandan)
2018-09-27 14:05:42 [scrapy.utils.log] INFO: Versions: lxml 4.2.5.0, libxml2 2.9.5, cssselect 1.0.3, parsel 1.5.0, w3lib 1.19.0, Twisted 18.7.0, Python 2.7.13 |Continuum Analytics, Inc.| (default, May 11 2017, 13:17:26) [MSC v.1500 64 bit (AMD64)], pyOpenSSL 18.0.0 (OpenSSL 1.1.0i  14 Aug 2018), cryptography 2.3.1, Platform Windows-10-10.0.17134
2018-09-27 14:05:42 [scrapy.crawler] INFO: Overridden settings: {'NEWSPIDER_MODULE': 'jandan.spiders', 'SPIDER_MODULES': ['jandan.spiders'], 'LOG_FILE': 'jandan.log', 'DOWNLOAD_DELAY': 1.5, 'BOT_NAME': 'jandan'}
2018-09-27 14:05:42 [scrapy.middleware] INFO: Enabled extensions:
['scrapy.extensions.logstats.LogStats',
 'scrapy.extensions.telnet.TelnetConsole',
 'scrapy.extensions.corestats.CoreStats']
2018-09-27 14:05:42 [scrapy.middleware] INFO: Enabled downloader middlewares:
['scrapy.downloadermiddlewares.httpauth.HttpAuthMiddleware',
 'scrapy.downloadermiddlewares.downloadtimeout.DownloadTimeoutMiddleware',
 'scrapy.downloadermiddlewares.defaultheaders.DefaultHeadersMiddleware',
 'scrapy.downloadermiddlewares.useragent.UserAgentMiddleware',
 'scrapy.downloadermiddlewares.retry.RetryMiddleware',
 'scrapy.downloadermiddlewares.redirect.MetaRefreshMiddleware',
 'scrapy.downloadermiddlewares.httpcompression.HttpCompressionMiddleware',
 'scrapy.downloadermiddlewares.redirect.RedirectMiddleware',
 'scrapy.downloadermiddlewares.cookies.CookiesMiddleware',
 'scrapy.downloadermiddlewares.httpproxy.HttpProxyMiddleware',
 'scrapy.downloadermiddlewares.stats.DownloaderStats']
2018-09-27 14:05:42 [scrapy.middleware] INFO: Enabled spider middlewares:
['scrapy.spidermiddlewares.httperror.HttpErrorMiddleware',
 'scrapy.spidermiddlewares.offsite.OffsiteMiddleware',
 'scrapy.spidermiddlewares.referer.RefererMiddleware',
 'scrapy.spidermiddlewares.urllength.UrlLengthMiddleware',
 'scrapy.spidermiddlewares.depth.DepthMiddleware']
2018-09-27 14:05:42 [scrapy.middleware] INFO: Enabled item pipelines:
['jandan.pipelines.MyJandanPipeline']
2018-09-27 14:05:42 [scrapy.core.engine] INFO: Spider opened
2018-09-27 14:05:42 [scrapy.extensions.logstats] INFO: Crawled 0 pages (at 0 pages/min), scraped 0 items (at 0 items/min)
2018-09-27 14:05:42 [scrapy.extensions.telnet] DEBUG: Telnet console listening on 127.0.0.1:6024
2018-09-27 14:05:42 [scrapy.core.engine] DEBUG: Crawled (200) <GET http://jandan.net/ooxx/page-1> (referer: None)
2018-09-27 14:05:43 [selenium.webdriver.remote.remote_connection] DEBUG: POST http://127.0.0.1:14981/wd/hub/session/5d7563c0-c21b-11e8-a528-9d690e080df2/url {"url": "http://jandan.net/ooxx/page-1", "sessionId": "5d7563c0-c21b-11e8-a528-9d690e080df2"}
2018-09-27 14:05:43 [urllib3.connectionpool] DEBUG: Starting new HTTP connection (1): 127.0.0.1:14981
2018-09-27 14:07:00 [scrapy.crawler] INFO: Received SIGINT, shutting down gracefully. Send again to force 
2018-09-27 14:07:00 [scrapy.core.scraper] ERROR: Spider error processing <GET http://jandan.net/ooxx/page-1> (referer: None)
Traceback (most recent call last):
  File "D:\sw\Miniconda3\envs\py2\lib\site-packages\twisted\internet\defer.py", line 654, in _runCallbacks
    current.result = callback(current.result, *args, **kw)
  File "E:\code\jandan\jandan\spiders\joy.py", line 21, in parse
    self.driver.get(self.url + str(self.offset))
  File "D:\sw\Miniconda3\envs\py2\lib\site-packages\selenium\webdriver\remote\webdriver.py", line 333, in get
    self.execute(Command.GET, {'url': url})
  File "D:\sw\Miniconda3\envs\py2\lib\site-packages\selenium\webdriver\remote\webdriver.py", line 319, in execute
    response = self.command_executor.execute(driver_command, params)
  File "D:\sw\Miniconda3\envs\py2\lib\site-packages\selenium\webdriver\remote\remote_connection.py", line 376, in execute
    return self._request(command_info[0], url, body=data)
  File "D:\sw\Miniconda3\envs\py2\lib\site-packages\selenium\webdriver\remote\remote_connection.py", line 404, in _request
    resp = http.request(method, url, body=body, headers=headers)
  File "D:\sw\Miniconda3\envs\py2\lib\site-packages\urllib3\request.py", line 72, in request
    **urlopen_kw)
  File "D:\sw\Miniconda3\envs\py2\lib\site-packages\urllib3\request.py", line 150, in request_encode_body
    return self.urlopen(method, url, **extra_kw)
  File "D:\sw\Miniconda3\envs\py2\lib\site-packages\urllib3\poolmanager.py", line 322, in urlopen
    response = conn.urlopen(method, u.request_uri, **kw)
  File "D:\sw\Miniconda3\envs\py2\lib\site-packages\urllib3\connectionpool.py", line 638, in urlopen
    _stacktrace=sys.exc_info()[2])
  File "D:\sw\Miniconda3\envs\py2\lib\site-packages\urllib3\util\retry.py", line 367, in increment
    raise six.reraise(type(error), error, _stacktrace)
  File "D:\sw\Miniconda3\envs\py2\lib\site-packages\urllib3\connectionpool.py", line 600, in urlopen
    chunked=chunked)
  File "D:\sw\Miniconda3\envs\py2\lib\site-packages\urllib3\connectionpool.py", line 377, in _make_request
    httplib_response = conn.getresponse(buffering=True)
  File "D:\sw\Miniconda3\envs\py2\lib\httplib.py", line 1121, in getresponse
    response.begin()
  File "D:\sw\Miniconda3\envs\py2\lib\httplib.py", line 438, in begin
    version, status, reason = self._read_status()
  File "D:\sw\Miniconda3\envs\py2\lib\httplib.py", line 394, in _read_status
    line = self.fp.readline(_MAXLINE + 1)
  File "D:\sw\Miniconda3\envs\py2\lib\socket.py", line 480, in readline
    data = self._sock.recv(self._rbufsize)
ProtocolError: ('Connection aborted.', error(10054, ''))
2018-09-27 14:07:00 [scrapy.core.engine] INFO: Closing spider (shutdown)
2018-09-27 14:07:00 [scrapy.extensions.logstats] INFO: Crawled 1 pages (at 1 pages/min), scraped 0 items (at 0 items/min)
2018-09-27 14:07:00 [scrapy.statscollectors] INFO: Dumping Scrapy stats:
{'downloader/request_bytes': 228,
 'downloader/request_count': 1,
 'downloader/request_method_count/GET': 1,
 'downloader/response_bytes': 15762,
 'downloader/response_count': 1,
 'downloader/response_status_count/200': 1,
 'finish_reason': 'shutdown',
 'finish_time': datetime.datetime(2018, 9, 27, 6, 7, 0, 804000),
 'log_count/DEBUG': 4,
 'log_count/ERROR': 1,
 'log_count/INFO': 9,
 'response_received_count': 1,
 'scheduler/dequeued': 1,
 'scheduler/dequeued/memory': 1,
 'scheduler/enqueued': 1,
 'scheduler/enqueued/memory': 1,
 'spider_exceptions/ProtocolError': 1,
 'start_time': datetime.datetime(2018, 9, 27, 6, 5, 42, 460000)}
2018-09-27 14:07:00 [scrapy.core.engine] INFO: Spider closed (shutdown)
